<?xml version="1.0" encoding="UTF-8"?>
<!-- Generated by org.testng.reporters.JUnitReportReporter -->
<testsuite skipped="0" hostname="LAPTOP-CR366SAC" name="com.yinheng.interfacetester.data.TestDataTest" tests="1" failures="0" timestamp="07 七月 2018 11:16:02 GMT" time="0.418" errors="0">
  <testcase name="testReadExcel" time="0.418" classname="com.yinheng.interfacetester.data.TestDataTest"/>
</testsuite> <!-- com.yinheng.interfacetester.data.TestDataTest -->
